<?xml version="1.0" encoding="UTF-8"?>
<!-- Generated by org.testng.reporters.JUnitXMLReporter -->
<testsuite ignored="2" hostname="rajas-macbook.lan" failures="0" tests="3" name="Default test" time="69.991" errors="0" timestamp="22 Jul 2019 05:30:05 GMT">
  <testcase classname="automationScriptsWithReusableMethods.AutomationScriptsTest" name="navigateToSFDC" time="20.93"/>
  <testcase classname="automationScriptsWithReusableMethods.AutomationScriptsTest" name="checkRememberMe" time="27.231"/>
  <testcase classname="automationScriptsWithReusableMethods.AutomationScriptsTest" name="forgotPassword4A" time="16.672"/>
  <testcase classname="automationScriptsWithReusableMethods.AutomationScriptsTest" name="forgotPassword4B" time="0.0">
    <ignored/>
  </testcase> <!-- forgotPassword4B -->
  <testcase classname="automationScriptsWithReusableMethods.AutomationScriptsTest" name="selectUserMenu05" time="0.0">
    <ignored/>
  </testcase> <!-- selectUserMenu05 -->
</testsuite> <!-- Default test -->
