<?xml version="1.0" encoding="UTF-8"?>
<!-- Generated by org.testng.reporters.JUnitXMLReporter -->
<testsuite hostname="rajas-macbook.lan" ignored="2" name="testngTest" tests="3" failures="0" timestamp="21 Jul 2019 21:51:31 GMT" time="78.214" errors="0">
  <testcase name="navigateToSFDC" time="23.407" classname="automationScriptsWithReusableMethods.AutomationScriptsTest"/>
  <testcase name="checkRememberMe" time="33.784" classname="automationScriptsWithReusableMethods.AutomationScriptsTest"/>
  <testcase name="forgotPassword4A" time="16.273" classname="automationScriptsWithReusableMethods.AutomationScriptsTest"/>
  <testcase name="forgotPassword4B" time="0.0" classname="automationScriptsWithReusableMethods.AutomationScriptsTest">
    <ignored/>
  </testcase> <!-- forgotPassword4B -->
  <testcase name="selectUserMenu05" time="0.0" classname="automationScriptsWithReusableMethods.AutomationScriptsTest">
    <ignored/>
  </testcase> <!-- selectUserMenu05 -->
</testsuite> <!-- testngTest -->
