<?xml version="1.0" encoding="UTF-8"?>
<testsuite xmlns:xsi="http://www.w3.org/2001/XMLSchema-instance" xsi:schemaLocation="https://maven.apache.org/surefire/maven-surefire-plugin/xsd/surefire-test-report.xsd" name="TestSuite" time="79.396" tests="3" errors="0" skipped="0" failures="0">
  <properties>
[...]
</properties>
  <testcase name="navigateToSFDC" classname="automationScriptsWithReusableMethods.AutomationScriptsTest" time="23.408"/>
  <testcase name="checkRememberMe" classname="automationScriptsWithReusableMethods.AutomationScriptsTest" time="33.785"/>
  <testcase name="forgotPassword4A" classname="automationScriptsWithReusableMethods.AutomationScriptsTest" time="16.275"/>
</testsuite>