<?xml version="1.0" encoding="UTF-8"?>
<testng-results ignored="2" total="5" passed="3" failed="0" skipped="0">
  <reporter-output>
  </reporter-output>
  <suite started-at="2019-07-22T05:28:55Z" name="Default suite" finished-at="2019-07-22T05:30:05Z" duration-ms="69991">
    <groups>
    </groups>
    <test started-at="2019-07-22T05:28:55Z" name="Default test" finished-at="2019-07-22T05:30:05Z" duration-ms="69991">
      <class name="automationScriptsWithReusableMethods.AutomationScriptsTest">
        <test-method is-config="true" signature="initialize_driver()[pri:0, instance:automationScriptsWithReusableMethods.AutomationScriptsTest@6f27a732]" started-at="2019-07-22T05:28:55Z" name="initialize_driver" finished-at="2019-07-22T05:28:59Z" duration-ms="4387" status="PASS">
          <reporter-output>
          </reporter-output>
        </test-method> <!-- initialize_driver -->
        <test-method signature="navigateToSFDC()[pri:1, instance:automationScriptsWithReusableMethods.AutomationScriptsTest@6f27a732]" started-at="2019-07-22T05:28:59Z" name="navigateToSFDC" finished-at="2019-07-22T05:29:20Z" duration-ms="20930" status="PASS">
          <reporter-output>
          </reporter-output>
        </test-method> <!-- navigateToSFDC -->
        <test-method signature="checkRememberMe()[pri:2, instance:automationScriptsWithReusableMethods.AutomationScriptsTest@6f27a732]" started-at="2019-07-22T05:29:20Z" name="checkRememberMe" finished-at="2019-07-22T05:29:47Z" duration-ms="27231" status="PASS">
          <reporter-output>
          </reporter-output>
        </test-method> <!-- checkRememberMe -->
        <test-method signature="forgotPassword4A()[pri:3, instance:automationScriptsWithReusableMethods.AutomationScriptsTest@6f27a732]" started-at="2019-07-22T05:29:47Z" name="forgotPassword4A" finished-at="2019-07-22T05:30:04Z" duration-ms="16672" status="PASS">
          <reporter-output>
          </reporter-output>
        </test-method> <!-- forgotPassword4A -->
        <test-method is-config="true" signature="logger()[pri:0, instance:automationScriptsWithReusableMethods.AutomationScriptsTest@6f27a732]" started-at="2019-07-22T05:30:04Z" name="logger" finished-at="2019-07-22T05:30:05Z" duration-ms="727" status="PASS">
          <reporter-output>
          </reporter-output>
        </test-method> <!-- logger -->
      </class> <!-- automationScriptsWithReusableMethods.AutomationScriptsTest -->
    </test> <!-- Default test -->
  </suite> <!-- Default suite -->
</testng-results>
